app/build/outputs/logs/manifest-merger-debug-report.txt
-- Merging decision tree log ---
manifest
ADDED from src/main/AndroidManifest.xml:2:1-50:12
INJECTED from src/main/AndroidManifest.xml:2:1-50:12
INJECTED from src/main/AndroidManifest.xml:2:1-50:12
INJECTED from src/main/AndroidManifest.xml:2:1-50:12
INJECTED from src/main/AndroidManifest.xml:2:1-50:12
INJECTED from src/main/AndroidManifest.xml:2:1-50:12
INJECTED from src/main/AndroidManifest.xml:2:1-50:12
	package
		ADDED from src/main/AndroidManifest.xml:3:5-34
		INJECTED from src/main/AndroidManifest.xml
		INJECTED from src/main/AndroidManifest.xml
	android:versionName
		ADDED from src/main/AndroidManifest.xml:5:5-30
		INJECTED from src/main/AndroidManifest.xml
		INJECTED from src/main/AndroidManifest.xml
	xmlns:android
		ADDED from src/main/AndroidManifest.xml:2:11-69
	android:versionCode
		ADDED from src/main/AndroidManifest.xml:4:5-28
		INJECTED from src/main/AndroidManifest.xml
		INJECTED from src/main/AndroidManifest.xml
uses-sdk
ADDED from src/main/AndroidManifest.xml:7:5-9:41
INJECTED from src/main/AndroidManifest.xml:7:5-9:41
INJECTED from src/main/AndroidManifest.xml:7:5-9:41
INJECTED from src/main/AndroidManifest.xml:7:5-9:41
INJECTED from src/main/AndroidManifest.xml:7:5-9:41
	android:targetSdkVersion
		ADDED from src/main/AndroidManifest.xml:9:9-38
		INJECTED from src/main/AndroidManifest.xml
		INJECTED from src/main/AndroidManifest.xml
	android:minSdkVersion
		ADDED from src/main/AndroidManifest.xml:8:9-34
		INJECTED from src/main/AndroidManifest.xml
		INJECTED from src/main/AndroidManifest.xml
uses-permission#android.permission.ACCESS_WIFI_STATE
ADDED from src/main/AndroidManifest.xml:11:5-76
	android:name
		ADDED from src/main/AndroidManifest.xml:11:22-73
uses-permission#android.permission.ACCESS_NETWORK_STATE
ADDED from src/main/AndroidManifest.xml:12:5-79
	android:name
		ADDED from src/main/AndroidManifest.xml:12:22-76
uses-permission#android.permission.CHANGE_WIFI_STATE
ADDED from src/main/AndroidManifest.xml:13:5-76
	android:name
		ADDED from src/main/AndroidManifest.xml:13:22-73
uses-permission#android.permission.CHANGE_CONFIGURATION
ADDED from src/main/AndroidManifest.xml:14:5-79
	android:name
		ADDED from src/main/AndroidManifest.xml:14:22-76
uses-permission#android.permission.INTERNET
ADDED from src/main/AndroidManifest.xml:15:5-67
	android:name
		ADDED from src/main/AndroidManifest.xml:15:22-64
uses-permission#android.permission.MOUNT_UNMOUNT_FILESYSTEMS
ADDED from src/main/AndroidManifest.xml:16:5-84
	android:name
		ADDED from src/main/AndroidManifest.xml:16:22-81
uses-permission#android.permission.RECEIVE_BOOT_COMPLETED
ADDED from src/main/AndroidManifest.xml:17:5-81
	android:name
		ADDED from src/main/AndroidManifest.xml:17:22-78
uses-permission#android.permission.WRITE_EXTERNAL_STORAGE
ADDED from src/main/AndroidManifest.xml:18:5-81
	android:name
		ADDED from src/main/AndroidManifest.xml:18:22-78
uses-permission#android.permission.SYSTEM_ALERT_WINDOW
ADDED from src/main/AndroidManifest.xml:19:5-78
	android:name
		ADDED from src/main/AndroidManifest.xml:19:22-75
uses-permission#android.permission.RECORD_AUDIO
ADDED from src/main/AndroidManifest.xml:20:5-71
	android:name
		ADDED from src/main/AndroidManifest.xml:20:22-68
application
ADDED from src/main/AndroidManifest.xml:27:5-48:19
	android:label
		ADDED from src/main/AndroidManifest.xml:30:9-41
	android:icon
		ADDED from src/main/AndroidManifest.xml:29:9-45
	android:theme
		ADDED from src/main/AndroidManifest.xml:31:9-62
	android:name
		ADDED from src/main/AndroidManifest.xml:28:9-71
uses-library#android.test.runner
ADDED from src/main/AndroidManifest.xml:33:9-60
	android:name
		ADDED from src/main/AndroidManifest.xml:33:23-57
activity#com.example.testjni.LogPage
ADDED from src/main/AndroidManifest.xml:35:9-43:20
	android:label
		ADDED from src/main/AndroidManifest.xml:37:13-45
	android:name
		ADDED from src/main/AndroidManifest.xml:36:13-55
intent-filter#android.intent.action.MAIN+android.intent.category.LAUNCHER
ADDED from src/main/AndroidManifest.xml:38:13-42:29
action#android.intent.action.MAIN
ADDED from src/main/AndroidManifest.xml:39:17-69
	android:name
		ADDED from src/main/AndroidManifest.xml:39:25-66
category#android.intent.category.LAUNCHER
ADDED from src/main/AndroidManifest.xml:41:17-77
	android:name
		ADDED from src/main/AndroidManifest.xml:41:27-74
activity#com.example.testjni.MainActivity
ADDED from src/main/AndroidManifest.xml:44:9-47:20
	android:screenOrientation
		ADDED from src/main/AndroidManifest.xml:46:13-49
	android:name
		ADDED from src/main/AndroidManifest.xml:45:13-60